{"timestamp":"2025-12-02T00:10:51.333310Z","level":"info","event":"DAG bundles loaded: dags-folder, example_dags","logger":"airflow.dag_processing.bundles.manager.DagBundlesManager","filename":"manager.py","lineno":179}
{"timestamp":"2025-12-02T00:10:51.333604Z","level":"info","event":"Filling up the DagBag from /home/airflow/.local/lib/python3.12/site-packages/airflow/example_dags/tutorial.py","logger":"airflow.models.dagbag.DagBag","filename":"dagbag.py","lineno":593}
{"timestamp":"2025-12-02T00:10:51.347399Z","level":"info","event":"Task instance is in running state","logger":"task.stdout"}
{"timestamp":"2025-12-02T00:10:51.347522Z","level":"info","event":" Previous state of the Task instance: TaskInstanceState.QUEUED","logger":"task.stdout"}
{"timestamp":"2025-12-02T00:10:51.347655Z","level":"info","event":"Current task name:templated","logger":"task.stdout"}
{"timestamp":"2025-12-02T00:10:51.347748Z","level":"info","event":"Dag name:tutorial","logger":"task.stdout"}
{"timestamp":"2025-12-02T00:10:51.347865Z","level":"info","event":"Tmp dir root location: /tmp","logger":"airflow.task.hooks.airflow.providers.standard.hooks.subprocess.SubprocessHook","filename":"subprocess.py","lineno":78}
{"timestamp":"2025-12-02T00:10:51.348321Z","level":"info","event":"Running command: ['/usr/bin/bash', '-c', '\\n\\n    echo \"2025-12-02\"\\n    echo \"2025-12-09\"\\n\\n    echo \"2025-12-02\"\\n    echo \"2025-12-09\"\\n\\n    echo \"2025-12-02\"\\n    echo \"2025-12-09\"\\n\\n    echo \"2025-12-02\"\\n    echo \"2025-12-09\"\\n\\n    echo \"2025-12-02\"\\n    echo \"2025-12-09\"\\n']","logger":"airflow.task.hooks.airflow.providers.standard.hooks.subprocess.SubprocessHook","filename":"subprocess.py","lineno":88}
{"timestamp":"2025-12-02T00:10:51.352675Z","level":"info","event":"Output:","logger":"airflow.task.hooks.airflow.providers.standard.hooks.subprocess.SubprocessHook","filename":"subprocess.py","lineno":99}
{"timestamp":"2025-12-02T00:10:51.353459Z","level":"info","event":"2025-12-02","logger":"airflow.task.hooks.airflow.providers.standard.hooks.subprocess.SubprocessHook","filename":"subprocess.py","lineno":106}
{"timestamp":"2025-12-02T00:10:51.353505Z","level":"info","event":"2025-12-09","logger":"airflow.task.hooks.airflow.providers.standard.hooks.subprocess.SubprocessHook","filename":"subprocess.py","lineno":106}
{"timestamp":"2025-12-02T00:10:51.353532Z","level":"info","event":"2025-12-02","logger":"airflow.task.hooks.airflow.providers.standard.hooks.subprocess.SubprocessHook","filename":"subprocess.py","lineno":106}
{"timestamp":"2025-12-02T00:10:51.353564Z","level":"info","event":"2025-12-09","logger":"airflow.task.hooks.airflow.providers.standard.hooks.subprocess.SubprocessHook","filename":"subprocess.py","lineno":106}
{"timestamp":"2025-12-02T00:10:51.353591Z","level":"info","event":"2025-12-02","logger":"airflow.task.hooks.airflow.providers.standard.hooks.subprocess.SubprocessHook","filename":"subprocess.py","lineno":106}
{"timestamp":"2025-12-02T00:10:51.353615Z","level":"info","event":"2025-12-09","logger":"airflow.task.hooks.airflow.providers.standard.hooks.subprocess.SubprocessHook","filename":"subprocess.py","lineno":106}
{"timestamp":"2025-12-02T00:10:51.353627Z","level":"info","event":"2025-12-02","logger":"airflow.task.hooks.airflow.providers.standard.hooks.subprocess.SubprocessHook","filename":"subprocess.py","lineno":106}
{"timestamp":"2025-12-02T00:10:51.353647Z","level":"info","event":"2025-12-09","logger":"airflow.task.hooks.airflow.providers.standard.hooks.subprocess.SubprocessHook","filename":"subprocess.py","lineno":106}
{"timestamp":"2025-12-02T00:10:51.353665Z","level":"info","event":"2025-12-02","logger":"airflow.task.hooks.airflow.providers.standard.hooks.subprocess.SubprocessHook","filename":"subprocess.py","lineno":106}
{"timestamp":"2025-12-02T00:10:51.353677Z","level":"info","event":"2025-12-09","logger":"airflow.task.hooks.airflow.providers.standard.hooks.subprocess.SubprocessHook","filename":"subprocess.py","lineno":106}
{"timestamp":"2025-12-02T00:10:51.353712Z","level":"info","event":"Command exited with return code 0","logger":"airflow.task.hooks.airflow.providers.standard.hooks.subprocess.SubprocessHook","filename":"subprocess.py","lineno":110}
{"timestamp":"2025-12-02T00:10:51.353989Z","level":"info","event":"Pushing xcom","ti":"RuntimeTaskInstance(id=UUID('019adc65-cc30-786a-b778-9a89a5c85554'), task_id='templated', dag_id='tutorial', run_id='scheduled__2025-12-02T00:10:29.707653+00:00', try_number=1, dag_version_id=UUID('019adc5f-db73-7ed7-9f70-c656bc6d92a6'), map_index=-1, hostname='bef3a6634353', context_carrier={}, task=<Task(BashOperator): templated>, bundle_instance=LocalDagBundle(name=example_dags), max_tries=1, start_date=datetime.datetime(2025, 12, 2, 0, 10, 51, 188312, tzinfo=datetime.timezone.utc), end_date=None, state=<TaskInstanceState.RUNNING: 'running'>, is_mapped=False, rendered_map_index=None)","logger":"task","filename":"task_runner.py","lineno":1360}
{"timestamp":"2025-12-02T00:10:51.362840Z","level":"info","event":"Task instance in success state","logger":"task.stdout"}
{"timestamp":"2025-12-02T00:10:51.362923Z","level":"info","event":" Previous state of the Task instance: TaskInstanceState.RUNNING","logger":"task.stdout"}
{"timestamp":"2025-12-02T00:10:51.363085Z","level":"info","event":"Task operator:<Task(BashOperator): templated>","logger":"task.stdout"}
