{"timestamp":"2025-12-04T03:12:32.273482Z","level":"info","event":"DAG bundles loaded: dags-folder, example_dags","logger":"airflow.dag_processing.bundles.manager.DagBundlesManager","filename":"manager.py","lineno":179}
{"timestamp":"2025-12-04T03:12:32.273756Z","level":"info","event":"Filling up the DagBag from /home/airflow/.local/lib/python3.12/site-packages/airflow/example_dags/tutorial.py","logger":"airflow.models.dagbag.DagBag","filename":"dagbag.py","lineno":593}
{"timestamp":"2025-12-04T03:12:32.284530Z","level":"info","event":"Task instance is in running state","logger":"task.stdout"}
{"timestamp":"2025-12-04T03:12:32.284656Z","level":"info","event":" Previous state of the Task instance: TaskInstanceState.QUEUED","logger":"task.stdout"}
{"timestamp":"2025-12-04T03:12:32.284722Z","level":"info","event":"Current task name:templated","logger":"task.stdout"}
{"timestamp":"2025-12-04T03:12:32.284777Z","level":"info","event":"Dag name:tutorial","logger":"task.stdout"}
{"timestamp":"2025-12-04T03:12:32.285024Z","level":"info","event":"Tmp dir root location: /tmp","logger":"airflow.task.hooks.airflow.providers.standard.hooks.subprocess.SubprocessHook","filename":"subprocess.py","lineno":78}
{"timestamp":"2025-12-04T03:12:32.285622Z","level":"info","event":"Running command: ['/usr/bin/bash', '-c', '\\n\\n    echo \"2025-12-04\"\\n    echo \"2025-12-11\"\\n\\n    echo \"2025-12-04\"\\n    echo \"2025-12-11\"\\n\\n    echo \"2025-12-04\"\\n    echo \"2025-12-11\"\\n\\n    echo \"2025-12-04\"\\n    echo \"2025-12-11\"\\n\\n    echo \"2025-12-04\"\\n    echo \"2025-12-11\"\\n']","logger":"airflow.task.hooks.airflow.providers.standard.hooks.subprocess.SubprocessHook","filename":"subprocess.py","lineno":88}
{"timestamp":"2025-12-04T03:12:32.289377Z","level":"info","event":"Output:","logger":"airflow.task.hooks.airflow.providers.standard.hooks.subprocess.SubprocessHook","filename":"subprocess.py","lineno":99}
{"timestamp":"2025-12-04T03:12:32.290044Z","level":"info","event":"2025-12-04","logger":"airflow.task.hooks.airflow.providers.standard.hooks.subprocess.SubprocessHook","filename":"subprocess.py","lineno":106}
{"timestamp":"2025-12-04T03:12:32.290071Z","level":"info","event":"2025-12-11","logger":"airflow.task.hooks.airflow.providers.standard.hooks.subprocess.SubprocessHook","filename":"subprocess.py","lineno":106}
{"timestamp":"2025-12-04T03:12:32.290097Z","level":"info","event":"2025-12-04","logger":"airflow.task.hooks.airflow.providers.standard.hooks.subprocess.SubprocessHook","filename":"subprocess.py","lineno":106}
{"timestamp":"2025-12-04T03:12:32.290110Z","level":"info","event":"2025-12-11","logger":"airflow.task.hooks.airflow.providers.standard.hooks.subprocess.SubprocessHook","filename":"subprocess.py","lineno":106}
{"timestamp":"2025-12-04T03:12:32.290123Z","level":"info","event":"2025-12-04","logger":"airflow.task.hooks.airflow.providers.standard.hooks.subprocess.SubprocessHook","filename":"subprocess.py","lineno":106}
{"timestamp":"2025-12-04T03:12:32.290136Z","level":"info","event":"2025-12-11","logger":"airflow.task.hooks.airflow.providers.standard.hooks.subprocess.SubprocessHook","filename":"subprocess.py","lineno":106}
{"timestamp":"2025-12-04T03:12:32.290147Z","level":"info","event":"2025-12-04","logger":"airflow.task.hooks.airflow.providers.standard.hooks.subprocess.SubprocessHook","filename":"subprocess.py","lineno":106}
{"timestamp":"2025-12-04T03:12:32.290159Z","level":"info","event":"2025-12-11","logger":"airflow.task.hooks.airflow.providers.standard.hooks.subprocess.SubprocessHook","filename":"subprocess.py","lineno":106}
{"timestamp":"2025-12-04T03:12:32.290170Z","level":"info","event":"2025-12-04","logger":"airflow.task.hooks.airflow.providers.standard.hooks.subprocess.SubprocessHook","filename":"subprocess.py","lineno":106}
{"timestamp":"2025-12-04T03:12:32.290181Z","level":"info","event":"2025-12-11","logger":"airflow.task.hooks.airflow.providers.standard.hooks.subprocess.SubprocessHook","filename":"subprocess.py","lineno":106}
{"timestamp":"2025-12-04T03:12:32.290227Z","level":"info","event":"Command exited with return code 0","logger":"airflow.task.hooks.airflow.providers.standard.hooks.subprocess.SubprocessHook","filename":"subprocess.py","lineno":110}
{"timestamp":"2025-12-04T03:12:32.290577Z","level":"info","event":"Pushing xcom","ti":"RuntimeTaskInstance(id=UUID('019ae758-a288-7fef-8267-cf48cd3c56bc'), task_id='templated', dag_id='tutorial', run_id='scheduled__2025-12-04T03:12:13.727448+00:00', try_number=1, dag_version_id=UUID('019adc5f-db73-7ed7-9f70-c656bc6d92a6'), map_index=-1, hostname='fbf7bf8f174e', context_carrier={}, task=<Task(BashOperator): templated>, bundle_instance=LocalDagBundle(name=example_dags), max_tries=1, start_date=datetime.datetime(2025, 12, 4, 3, 12, 32, 126554, tzinfo=datetime.timezone.utc), end_date=None, state=<TaskInstanceState.RUNNING: 'running'>, is_mapped=False, rendered_map_index=None)","logger":"task","filename":"task_runner.py","lineno":1360}
{"timestamp":"2025-12-04T03:12:32.298910Z","level":"info","event":"Task instance in success state","logger":"task.stdout"}
{"timestamp":"2025-12-04T03:12:32.298984Z","level":"info","event":" Previous state of the Task instance: TaskInstanceState.RUNNING","logger":"task.stdout"}
{"timestamp":"2025-12-04T03:12:32.299094Z","level":"info","event":"Task operator:<Task(BashOperator): templated>","logger":"task.stdout"}
